
2023-10-28 08:03:06 Apache Commons Daemon procrun stderr initialized.
Unrecognized option: C:\Users\s0743\java_deamon_samplesetting\log4j2.xml

2023-10-28 08:05:18 Apache Commons Daemon procrun stderr initialized.
Exception in thread "main" ror: com/example/ServiceLauncher
Caused by: java.lang.ClassNotFoundException: com.example.ServiceLauncher
	at java.net.URLClassLoader.findClass(URLClassLoader.java:387)
	at java.lang.ClassLoader.loadClass(ClassLoader.java:418)
	at sun.misc.Launcher$AppClassLoader.loadClass(Launcher.java:352)
	at java.lang.ClassLoader.loadClass(ClassLoader.java:351)

2023-10-28 08:08:27 Apache Commons Daemon procrun stderr initialized.

2023-10-28 08:09:10 Apache Commons Daemon procrun stderr initialized.
Exception in thread "main" ror: com/example/ServiceLauncher
Caused by: java.lang.ClassNotFoundException: com.example.ServiceLauncher
	at java.net.URLClassLoader.findClass(URLClassLoader.java:387)
	at java.lang.ClassLoader.loadClass(ClassLoader.java:418)
	at sun.misc.Launcher$AppClassLoader.loadClass(Launcher.java:352)
	at java.lang.ClassLoader.loadClass(ClassLoader.java:351)

2023-10-28 08:14:06 Apache Commons Daemon procrun stderr initialized.
Exception in thread "main" ror: com/example/ServiceLauncher
Caused by: java.lang.ClassNotFoundException: com.example.ServiceLauncher
	at java.net.URLClassLoader.findClass(URLClassLoader.java:387)
	at java.lang.ClassLoader.loadClass(ClassLoader.java:418)
	at sun.misc.Launcher$AppClassLoader.loadClass(Launcher.java:352)
	at java.lang.ClassLoader.loadClass(ClassLoader.java:351)

2023-10-28 08:15:52 Apache Commons Daemon procrun stderr initialized.
Exception in thread "main" ror: com/example/ServiceLauncher
Caused by: java.lang.ClassNotFoundException: com.example.ServiceLauncher
	at java.net.URLClassLoader.findClass(URLClassLoader.java:387)
	at java.lang.ClassLoader.loadClass(ClassLoader.java:418)
	at sun.misc.Launcher$AppClassLoader.loadClass(Launcher.java:352)
	at java.lang.ClassLoader.loadClass(ClassLoader.java:351)

2023-10-28 08:18:05 Apache Commons Daemon procrun stderr initialized.
Exception in thread "main" ror: com/example/ServiceLauncher
Caused by: java.lang.ClassNotFoundException: com.example.ServiceLauncher
	at java.net.URLClassLoader.findClass(URLClassLoader.java:387)
	at java.lang.ClassLoader.loadClass(ClassLoader.java:418)
	at sun.misc.Launcher$AppClassLoader.loadClass(Launcher.java:352)
	at java.lang.ClassLoader.loadClass(ClassLoader.java:351)

2023-10-28 08:19:00 Apache Commons Daemon procrun stderr initialized.
Exception in thread "main" ror: com/example/ServiceLauncher
Caused by: java.lang.ClassNotFoundException: com.example.ServiceLauncher
	at java.net.URLClassLoader.findClass(URLClassLoader.java:387)
	at java.lang.ClassLoader.loadClass(ClassLoader.java:418)
	at sun.misc.Launcher$AppClassLoader.loadClass(Launcher.java:352)
	at java.lang.ClassLoader.loadClass(ClassLoader.java:351)

2023-10-28 08:21:58 Apache Commons Daemon procrun stderr initialized.
Exception in thread "main" ror: com/example/ServiceLauncher
Caused by: java.lang.ClassNotFoundException: com.example.ServiceLauncher
	at java.net.URLClassLoader.findClass(URLClassLoader.java:387)
	at java.lang.ClassLoader.loadClass(ClassLoader.java:418)
	at sun.misc.Launcher$AppClassLoader.loadClass(Launcher.java:352)
	at java.lang.ClassLoader.loadClass(ClassLoader.java:351)

2023-10-28 08:25:16 Apache Commons Daemon procrun stderr initialized.
Exception in thread "main" ror: com/example/ServiceLauncher
Caused by: java.lang.ClassNotFoundException: com.example.ServiceLauncher
	at java.net.URLClassLoader.findClass(URLClassLoader.java:387)
	at java.lang.ClassLoader.loadClass(ClassLoader.java:418)
	at sun.misc.Launcher$AppClassLoader.loadClass(Launcher.java:352)
	at java.lang.ClassLoader.loadClass(ClassLoader.java:351)

2023-10-28 08:29:52 Apache Commons Daemon procrun stderr initialized.
Exception in thread "main" ror: com/example/ServiceLauncher
Caused by: java.lang.ClassNotFoundException: com.example.ServiceLauncher
	at java.net.URLClassLoader.findClass(URLClassLoader.java:387)
	at java.lang.ClassLoader.loadClass(ClassLoader.java:418)
	at sun.misc.Launcher$AppClassLoader.loadClass(Launcher.java:352)
	at java.lang.ClassLoader.loadClass(ClassLoader.java:351)

2023-10-28 08:38:49 Apache Commons Daemon procrun stderr initialized.
Exception in thread "main" ror: com/example/ServiceLauncher
Caused by: java.lang.ClassNotFoundException: com.example.ServiceLauncher
	at java.net.URLClassLoader.findClass(URLClassLoader.java:387)
	at java.lang.ClassLoader.loadClass(ClassLoader.java:418)
	at sun.misc.Launcher$AppClassLoader.loadClass(Launcher.java:352)
	at java.lang.ClassLoader.loadClass(ClassLoader.java:351)

2023-10-28 08:40:24 Apache Commons Daemon procrun stderr initialized.
Exception in thread "main" ror: com/example/ServiceLauncher
Caused by: java.lang.ClassNotFoundException: com.example.ServiceLauncher
	at java.net.URLClassLoader.findClass(URLClassLoader.java:387)
	at java.lang.ClassLoader.loadClass(ClassLoader.java:418)
	at sun.misc.Launcher$AppClassLoader.loadClass(Launcher.java:352)
	at java.lang.ClassLoader.loadClass(ClassLoader.java:351)

2023-10-28 08:42:14 Apache Commons Daemon procrun stderr initialized.
Exception in thread "main" ror: com/example/ServiceLauncher
Caused by: java.lang.ClassNotFoundException: com.example.ServiceLauncher
	at java.net.URLClassLoader.findClass(URLClassLoader.java:387)
	at java.lang.ClassLoader.loadClass(ClassLoader.java:418)
	at sun.misc.Launcher$AppClassLoader.loadClass(Launcher.java:352)
	at java.lang.ClassLoader.loadClass(ClassLoader.java:351)

2023-10-28 08:44:25 Apache Commons Daemon procrun stderr initialized.
Exception in thread "main" ror: com/example/ServiceLauncher
Caused by: java.lang.ClassNotFoundException: com.example.ServiceLauncher
	at java.net.URLClassLoader.findClass(URLClassLoader.java:387)
	at java.lang.ClassLoader.loadClass(ClassLoader.java:418)
	at sun.misc.Launcher$AppClassLoader.loadClass(Launcher.java:352)
	at java.lang.ClassLoader.loadClass(ClassLoader.java:351)

2023-10-28 08:50:28 Apache Commons Daemon procrun stderr initialized.
Exception in thread "main" ror: com/example/ServiceLauncher
Caused by: java.lang.ClassNotFoundException: com.example.ServiceLauncher
	at java.net.URLClassLoader.findClass(URLClassLoader.java:387)
	at java.lang.ClassLoader.loadClass(ClassLoader.java:418)
	at sun.misc.Launcher$AppClassLoader.loadClass(Launcher.java:352)
	at java.lang.ClassLoader.loadClass(ClassLoader.java:351)

2023-10-28 08:52:09 Apache Commons Daemon procrun stderr initialized.
Exception in thread "main" ror: com/example/ServiceLauncher
Caused by: java.lang.ClassNotFoundException: com.example.ServiceLauncher
	at java.net.URLClassLoader.findClass(URLClassLoader.java:387)
	at java.lang.ClassLoader.loadClass(ClassLoader.java:418)
	at sun.misc.Launcher$AppClassLoader.loadClass(Launcher.java:352)
	at java.lang.ClassLoader.loadClass(ClassLoader.java:351)

2023-10-28 08:54:12 Apache Commons Daemon procrun stderr initialized.
Exception in thread "main" ror: com/example/ServiceLauncher
Caused by: java.lang.ClassNotFoundException: com.example.ServiceLauncher
	at java.net.URLClassLoader.findClass(URLClassLoader.java:387)
	at java.lang.ClassLoader.loadClass(ClassLoader.java:418)
	at sun.misc.Launcher$AppClassLoader.loadClass(Launcher.java:352)
	at java.lang.ClassLoader.loadClass(ClassLoader.java:351)

2023-10-28 08:58:52 Apache Commons Daemon procrun stderr initialized.
Exception in thread "main" ror: com/example/ServiceLauncher
Caused by: java.lang.ClassNotFoundException: com.example.ServiceLauncher
	at java.net.URLClassLoader.findClass(URLClassLoader.java:387)
	at java.lang.ClassLoader.loadClass(ClassLoader.java:418)
	at sun.misc.Launcher$AppClassLoader.loadClass(Launcher.java:352)
	at java.lang.ClassLoader.loadClass(ClassLoader.java:351)

2023-10-28 09:00:35 Apache Commons Daemon procrun stderr initialized.
Exception in thread "main" ror: com/example/ServiceLauncher
Caused by: java.lang.ClassNotFoundException: com.example.ServiceLauncher
	at java.net.URLClassLoader.findClass(URLClassLoader.java:387)
	at java.lang.ClassLoader.loadClass(ClassLoader.java:418)
	at sun.misc.Launcher$AppClassLoader.loadClass(Launcher.java:352)
	at java.lang.ClassLoader.loadClass(ClassLoader.java:351)

2023-10-28 09:01:19 Apache Commons Daemon procrun stderr initialized.
Exception in thread "main" ror: com/example/ServiceLauncher
Caused by: java.lang.ClassNotFoundException: com.example.ServiceLauncher
	at java.net.URLClassLoader.findClass(URLClassLoader.java:387)
	at java.lang.ClassLoader.loadClass(ClassLoader.java:418)
	at sun.misc.Launcher$AppClassLoader.loadClass(Launcher.java:352)
	at java.lang.ClassLoader.loadClass(ClassLoader.java:351)

2023-10-28 09:02:13 Apache Commons Daemon procrun stderr initialized.
Exception in thread "main" ror: com/example/ServiceLauncher
Caused by: java.lang.ClassNotFoundException: com.example.ServiceLauncher
	at java.net.URLClassLoader.findClass(URLClassLoader.java:387)
	at java.lang.ClassLoader.loadClass(ClassLoader.java:418)
	at sun.misc.Launcher$AppClassLoader.loadClass(Launcher.java:352)
	at java.lang.ClassLoader.loadClass(ClassLoader.java:351)

2023-10-28 09:03:33 Apache Commons Daemon procrun stderr initialized.
Exception in thread "main" ror: com/example/ServiceLauncher
Caused by: java.lang.ClassNotFoundException: com.example.ServiceLauncher
	at java.net.URLClassLoader.findClass(URLClassLoader.java:387)
	at java.lang.ClassLoader.loadClass(ClassLoader.java:418)
	at sun.misc.Launcher$AppClassLoader.loadClass(Launcher.java:352)
	at java.lang.ClassLoader.loadClass(ClassLoader.java:351)

2023-10-28 09:11:46 Apache Commons Daemon procrun stderr initialized.
Exception in thread "main" ror: com/example/ServiceLauncher
Caused by: java.lang.ClassNotFoundException: com.example.ServiceLauncher
	at java.net.URLClassLoader.findClass(URLClassLoader.java:387)
	at java.lang.ClassLoader.loadClass(ClassLoader.java:418)
	at sun.misc.Launcher$AppClassLoader.loadClass(Launcher.java:352)
	at java.lang.ClassLoader.loadClass(ClassLoader.java:351)

2023-10-28 09:32:58 Apache Commons Daemon procrun stderr initialized.
Exception in thread "main" ror: com/example/ServiceLauncher
Caused by: java.lang.ClassNotFoundException: com.example.ServiceLauncher
	at java.net.URLClassLoader.findClass(URLClassLoader.java:387)
	at java.lang.ClassLoader.loadClass(ClassLoader.java:418)
	at sun.misc.Launcher$AppClassLoader.loadClass(Launcher.java:352)
	at java.lang.ClassLoader.loadClass(ClassLoader.java:351)

2023-10-28 09:33:53 Apache Commons Daemon procrun stderr initialized.
Exception in thread "main" ror: com/example/ServiceLauncher
Caused by: java.lang.ClassNotFoundException: com.example.ServiceLauncher
	at java.net.URLClassLoader.findClass(URLClassLoader.java:387)
	at java.lang.ClassLoader.loadClass(ClassLoader.java:418)
	at sun.misc.Launcher$AppClassLoader.loadClass(Launcher.java:352)
	at java.lang.ClassLoader.loadClass(ClassLoader.java:351)

2023-10-28 09:35:23 Apache Commons Daemon procrun stderr initialized.
Exception in thread "main" ror: com/example/ServiceLauncher
Caused by: java.lang.ClassNotFoundException: com.example.ServiceLauncher
	at java.net.URLClassLoader.findClass(URLClassLoader.java:387)
	at java.lang.ClassLoader.loadClass(ClassLoader.java:418)
	at sun.misc.Launcher$AppClassLoader.loadClass(Launcher.java:352)
	at java.lang.ClassLoader.loadClass(ClassLoader.java:351)

2023-10-28 09:36:40 Apache Commons Daemon procrun stderr initialized.
Exception in thread "main" ror: com/example/ServiceLauncher
Caused by: java.lang.ClassNotFoundException: com.example.ServiceLauncher
	at java.net.URLClassLoader.findClass(URLClassLoader.java:387)
	at java.lang.ClassLoader.loadClass(ClassLoader.java:418)
	at sun.misc.Launcher$AppClassLoader.loadClass(Launcher.java:352)
	at java.lang.ClassLoader.loadClass(ClassLoader.java:351)

2023-10-28 09:39:38 Apache Commons Daemon procrun stderr initialized.
Exception in thread "main" : startService
